{
  "0 debug pnpm:scope": {
    "selected": 1
  },
  "1 info pnpm": {
    "err": {
      "name": "Error",
      "message": "not found: ci",
      "code": "ENOENT",
      "stack": "Error: not found: ci\n    at getNotFoundError (/usr/local/lib/node_modules/pnpm/dist/pnpm.cjs:41689:51)\n    at Function.whichSync [as sync] (/usr/local/lib/node_modules/pnpm/dist/pnpm.cjs:41766:13)\n    at getCommandAbsolutePathSync (/usr/local/lib/node_modules/pnpm/dist/pnpm.cjs:43331:44)\n    at default_1 (/usr/local/lib/node_modules/pnpm/dist/pnpm.cjs:43340:32)\n    at /usr/local/lib/node_modules/pnpm/dist/pnpm.cjs:178603:39"
    }
  },
  "2 error pnpm": {
    "code": "ERR_PNPM_RECURSIVE_EXEC_FIRST_FAIL",
    "prefix": "/home/workspace/reactjs/coding-practices/ebank",
    "err": {
      "name": "pnpm",
      "message": "not found: ci",
      "code": "ERR_PNPM_RECURSIVE_EXEC_FIRST_FAIL",
      "stack": "Error: not found: ci\n    at getNotFoundError (/usr/local/lib/node_modules/pnpm/dist/pnpm.cjs:41689:51)\n    at Function.whichSync [as sync] (/usr/local/lib/node_modules/pnpm/dist/pnpm.cjs:41766:13)\n    at getCommandAbsolutePathSync (/usr/local/lib/node_modules/pnpm/dist/pnpm.cjs:43331:44)\n    at default_1 (/usr/local/lib/node_modules/pnpm/dist/pnpm.cjs:43340:32)\n    at /usr/local/lib/node_modules/pnpm/dist/pnpm.cjs:178603:39"
    }
  }
}